<?xml version="1.0" encoding="UTF-8"?>
<testng-results skipped="0" failed="0" ignored="0" total="1" passed="1">
  <reporter-output>
  </reporter-output>
  <suite name="Selendroid-Android-Test-Suite" duration-ms="31883" started-at="2018-08-13T12:31:21Z" finished-at="2018-08-13T12:31:53Z">
    <groups>
      <group name="cucumber">
        <method signature="AbstractTestNGCucumberTests.feature(cucumber.api.testng.CucumberFeatureWrapper)[pri:0, instance:org.framework.adib.ios.Runner.TestRunner@71d15f18]" name="feature" class="cucumber.api.testng.AbstractTestNGCucumberTests"/>
      </group> <!-- cucumber -->
    </groups>
    <test name="Test-iPhone-X_11.4" duration-ms="31883" started-at="2018-08-13T12:31:21Z" finished-at="2018-08-13T12:31:53Z">
      <class name="org.framework.adib.ios.Runner.TestRunner">
        <test-method status="PASS" signature="setUpClass()[pri:0, instance:org.framework.adib.ios.Runner.TestRunner@71d15f18]" name="setUpClass" is-config="true" duration-ms="174" started-at="2018-08-13T12:31:21Z" finished-at="2018-08-13T12:31:21Z">
          <reporter-output>
          </reporter-output>
        </test-method> <!-- setUpClass -->
        <test-method status="PASS" signature="feature(cucumber.api.testng.CucumberFeatureWrapper)[pri:0, instance:org.framework.adib.ios.Runner.TestRunner@71d15f18]" name="feature" duration-ms="31636" started-at="2018-08-13T12:31:22Z" description="Runs Cucumber Feature" data-provider="features" finished-at="2018-08-13T12:31:53Z">
          <params>
            <param index="0">
              <value>
                <![CDATA[Smoke iOS Test]]>
              </value>
            </param>
          </params>
          <reporter-output>
          </reporter-output>
        </test-method> <!-- feature -->
        <test-method status="PASS" signature="tearDownClass()[pri:0, instance:org.framework.adib.ios.Runner.TestRunner@71d15f18]" name="tearDownClass" is-config="true" duration-ms="7" started-at="2018-08-13T12:31:53Z" finished-at="2018-08-13T12:31:53Z">
          <reporter-output>
          </reporter-output>
        </test-method> <!-- tearDownClass -->
      </class> <!-- org.framework.adib.ios.Runner.TestRunner -->
    </test> <!-- Test-iPhone-X_11.4 -->
  </suite> <!-- Selendroid-Android-Test-Suite -->
</testng-results>
